<?xml version="1.0" encoding="UTF-8"?>
<testng-results ignored="0" total="2" passed="2" failed="0" skipped="0">
  <reporter-output>
  </reporter-output>
  <suite started-at="2023-08-21T12:38:56 IST" name="NegativeLogInTestsSuite" finished-at="2023-08-21T12:40:03 IST" duration-ms="67446">
    <groups>
      <group name="smokeTests">
        <method signature="NegativeLoginTests.negativeLoginTest(java.lang.String,java.lang.String,java.lang.String)[pri:2, instance:com.herokuapp.theinternet.loginpagetests.NegativeLoginTests@49e53c76]" name="negativeLoginTest" class="com.herokuapp.theinternet.loginpagetests.NegativeLoginTests"/>
        <method signature="NegativeLoginTests.negativeLoginTest(java.lang.String,java.lang.String,java.lang.String)[pri:2, instance:com.herokuapp.theinternet.loginpagetests.NegativeLoginTests@7e6f74c]" name="negativeLoginTest" class="com.herokuapp.theinternet.loginpagetests.NegativeLoginTests"/>
      </group> <!-- smokeTests -->
      <group name="negativeTests">
        <method signature="NegativeLoginTests.negativeLoginTest(java.lang.String,java.lang.String,java.lang.String)[pri:2, instance:com.herokuapp.theinternet.loginpagetests.NegativeLoginTests@49e53c76]" name="negativeLoginTest" class="com.herokuapp.theinternet.loginpagetests.NegativeLoginTests"/>
        <method signature="NegativeLoginTests.negativeLoginTest(java.lang.String,java.lang.String,java.lang.String)[pri:2, instance:com.herokuapp.theinternet.loginpagetests.NegativeLoginTests@7e6f74c]" name="negativeLoginTest" class="com.herokuapp.theinternet.loginpagetests.NegativeLoginTests"/>
      </group> <!-- negativeTests -->
    </groups>
    <test started-at="2023-08-21T12:38:56 IST" name="NegativeUsernameTests" finished-at="2023-08-21T12:40:03 IST" duration-ms="67446">
      <class name="com.herokuapp.theinternet.loginpagetests.NegativeLoginTests">
        <test-method is-config="true" signature="setUp(java.lang.String,org.testng.ITestContext)[pri:0, instance:com.herokuapp.theinternet.loginpagetests.NegativeLoginTests@49e53c76]" started-at="2023-08-21T12:38:56 IST" name="setUp" finished-at="2023-08-21T12:39:27 IST" duration-ms="31175" status="PASS">
          <params>
            <param index="0">
              <value>
                <![CDATA[chrome]]>
              </value>
            </param>
            <param index="1">
              <value>
                <![CDATA[org.testng.TestRunner@117e949d]]>
              </value>
            </param>
          </params>
          <reporter-output>
          </reporter-output>
        </test-method> <!-- setUp -->
        <test-method signature="negativeLoginTest(java.lang.String,java.lang.String,java.lang.String)[pri:2, instance:com.herokuapp.theinternet.loginpagetests.NegativeLoginTests@49e53c76]" started-at="2023-08-21T12:39:27 IST" name="negativeLoginTest" finished-at="2023-08-21T12:40:03 IST" duration-ms="35593" status="PASS">
          <params>
            <param index="0">
              <value>
                <![CDATA[incorrect]]>
              </value>
            </param>
            <param index="1">
              <value>
                <![CDATA[SuperSecretPassword!]]>
              </value>
            </param>
            <param index="2">
              <value>
                <![CDATA[Your username is invalid!]]>
              </value>
            </param>
          </params>
          <reporter-output>
          </reporter-output>
        </test-method> <!-- negativeLoginTest -->
        <test-method is-config="true" signature="tearDown()[pri:0, instance:com.herokuapp.theinternet.loginpagetests.NegativeLoginTests@49e53c76]" started-at="2023-08-21T12:40:03 IST" name="tearDown" finished-at="2023-08-21T12:40:03 IST" duration-ms="586" status="PASS">
          <reporter-output>
          </reporter-output>
        </test-method> <!-- tearDown -->
      </class> <!-- com.herokuapp.theinternet.loginpagetests.NegativeLoginTests -->
    </test> <!-- NegativeUsernameTests -->
    <test started-at="2023-08-21T12:38:56 IST" name="NegativePasswordTests" finished-at="2023-08-21T12:40:03 IST" duration-ms="67440">
      <class name="com.herokuapp.theinternet.loginpagetests.NegativeLoginTests">
        <test-method is-config="true" signature="setUp(java.lang.String,org.testng.ITestContext)[pri:0, instance:com.herokuapp.theinternet.loginpagetests.NegativeLoginTests@7e6f74c]" started-at="2023-08-21T12:38:56 IST" name="setUp" finished-at="2023-08-21T12:39:27 IST" duration-ms="31175" status="PASS">
          <params>
            <param index="0">
              <value>
                <![CDATA[chrome]]>
              </value>
            </param>
            <param index="1">
              <value>
                <![CDATA[org.testng.TestRunner@6db9f5a4]]>
              </value>
            </param>
          </params>
          <reporter-output>
          </reporter-output>
        </test-method> <!-- setUp -->
        <test-method signature="negativeLoginTest(java.lang.String,java.lang.String,java.lang.String)[pri:2, instance:com.herokuapp.theinternet.loginpagetests.NegativeLoginTests@7e6f74c]" started-at="2023-08-21T12:39:27 IST" name="negativeLoginTest" finished-at="2023-08-21T12:40:02 IST" duration-ms="35497" status="PASS">
          <params>
            <param index="0">
              <value>
                <![CDATA[tomsmith]]>
              </value>
            </param>
            <param index="1">
              <value>
                <![CDATA[incorrect]]>
              </value>
            </param>
            <param index="2">
              <value>
                <![CDATA[Your password is invalid!]]>
              </value>
            </param>
          </params>
          <reporter-output>
          </reporter-output>
        </test-method> <!-- negativeLoginTest -->
        <test-method is-config="true" signature="tearDown()[pri:0, instance:com.herokuapp.theinternet.loginpagetests.NegativeLoginTests@7e6f74c]" started-at="2023-08-21T12:40:02 IST" name="tearDown" finished-at="2023-08-21T12:40:03 IST" duration-ms="658" status="PASS">
          <reporter-output>
          </reporter-output>
        </test-method> <!-- tearDown -->
      </class> <!-- com.herokuapp.theinternet.loginpagetests.NegativeLoginTests -->
    </test> <!-- NegativePasswordTests -->
  </suite> <!-- NegativeLogInTestsSuite -->
</testng-results>
